<?xml version="1.0" encoding="UTF-8"?>
<!-- Generated by org.testng.reporters.JUnitReportReporter -->
<testsuite hostname="LAPTOP-O2HJQ38M" failures="0" tests="4" name="testNG.Annotation_ArgumentMethods" time="14.798" errors="0" timestamp="2024-07-04T17:31:15 IST" skipped="1">
  <testcase classname="testNG.Annotation_ArgumentMethods" name="facebookApplication" time="3.278"/>
  <system-out/>
  <testcase classname="testNG.Annotation_ArgumentMethods" name="vtigerApplication" time="6.332"/>
  <system-out/>
  <testcase classname="testNG.Annotation_ArgumentMethods" name="vtigerApplication" time="5.188"/>
  <system-out/>
  <testcase classname="testNG.Annotation_ArgumentMethods" name="trlloApplication">
    <skipped/>
  </testcase> <!-- trlloApplication -->
  <system-out/>
</testsuite> <!-- testNG.Annotation_ArgumentMethods -->
