<?xml version="1.0" encoding="UTF-8"?>
<!-- Generated by org.testng.reporters.JUnitReportReporter -->
<testsuite hostname="LAPTOP-O2HJQ38M" failures="0" tests="1" name="trello.TrelloScenario" time="29.296" errors="0" timestamp="2024-07-16T14:13:10 IST" skipped="0">
  <testcase classname="trello.TrelloScenario" name="createAndDelete" time="29.296"/>
  <system-out/>
</testsuite> <!-- trello.TrelloScenario -->
