<?xml version="1.0" encoding="UTF-8"?>
<!-- Generated by org.testng.reporters.JUnitReportReporter -->
<testsuite hostname="LAPTOP-O2HJQ38M" failures="0" tests="1" name="optional.Optional" time="2.489" errors="0" timestamp="2024-07-18T23:17:59 IST" skipped="0">
  <testcase classname="optional.Optional" name="readDataFromXml" time="2.489"/>
  <system-out/>
</testsuite> <!-- optional.Optional -->
