<?xml version="1.0" encoding="UTF-8"?>
<!-- Generated by org.testng.reporters.JUnitReportReporter -->
<testsuite hostname="LAPTOP-O2HJQ38M" failures="0" tests="3" name="testNG.Before_AfterClass" time="17.194" errors="0" timestamp="2024-07-04T21:36:13 IST" skipped="0">
  <testcase classname="testNG.Before_AfterClass" name="vtigerLogin" time="6.527"/>
  <system-out/>
  <testcase classname="testNG.Before_AfterClass" name="trelloLogin" time="7.606"/>
  <system-out/>
  <testcase classname="testNG.Before_AfterClass" name="fbLogin" time="3.061"/>
  <system-out/>
</testsuite> <!-- testNG.Before_AfterClass -->
