<?xml version="1.0" encoding="UTF-8"?>
<!-- Generated by org.testng.reporters.JUnitReportReporter -->
<testsuite hostname="LAPTOP-O2HJQ38M" failures="0" tests="2" name="testNG.ClassA" time="0.004" errors="0" timestamp="2024-09-13T18:10:42 IST" skipped="0">
  <testcase classname="testNG.ClassA" name="login" time="0.002"/>
  <system-out/>
  <testcase classname="testNG.ClassA" name="home" time="0.002"/>
  <system-out/>
</testsuite> <!-- testNG.ClassA -->
