<?xml version="1.0" encoding="UTF-8"?>
<!-- Generated by org.testng.reporters.JUnitReportReporter -->
<testsuite hostname="LAPTOP-O2HJQ38M" failures="0" tests="3" name="testNG.DataProvider" time="7.953" errors="0" timestamp="2024-07-18T22:50:30 IST" skipped="0">
  <testcase classname="testNG.DataProvider" name="acceptTheData" time="2.006"/>
  <system-out/>
  <testcase classname="testNG.DataProvider" name="acceptTheData" time="4.097"/>
  <system-out/>
  <testcase classname="testNG.DataProvider" name="acceptTheData" time="1.850"/>
  <system-out/>
</testsuite> <!-- testNG.DataProvider -->
