<?xml version="1.0" encoding="UTF-8"?>
<!-- Generated by org.testng.reporters.JUnitReportReporter -->
<testsuite hostname="LAPTOP-O2HJQ38M" failures="0" tests="1" name="demo.SampleTest" time="0.020" errors="0" timestamp="2024-07-27T11:13:22 IST" skipped="0">
  <testcase classname="demo.SampleTest" name="sample" time="0.020"/>
  <system-out>
    <![CDATA[sampletest is excuted]]>
  </system-out>
</testsuite> <!-- demo.SampleTest -->
