<?xml version="1.0" encoding="UTF-8"?>
<!-- Generated by org.testng.reporters.JUnitReportReporter -->
<testsuite hostname="LAPTOP-O2HJQ38M" failures="0" tests="2" name="testNG.ReadTheDataFromXmlFile_SuiteFile" time="19.725" errors="0" timestamp="2024-07-27T20:18:13 IST" skipped="0">
  <testcase classname="testNG.ReadTheDataFromXmlFile_SuiteFile" name="loginToVtiger" time="7.796"/>
  <system-out/>
  <testcase classname="testNG.ReadTheDataFromXmlFile_SuiteFile" name="loginToVtiger" time="11.929"/>
  <system-out/>
</testsuite> <!-- testNG.ReadTheDataFromXmlFile_SuiteFile -->
