<?xml version="1.0" encoding="UTF-8"?>
<!-- Generated by org.testng.reporters.JUnitReportReporter -->
<testsuite hostname="LAPTOP-O2HJQ38M" failures="0" tests="1" name="testNG.ClassB" time="0.002" errors="0" timestamp="2024-07-06T10:54:58 IST" skipped="0">
  <testcase classname="testNG.ClassB" name="loginToContinuepage" time="0.002"/>
  <system-out/>
</testsuite> <!-- testNG.ClassB -->
