<?xml version="1.0" encoding="UTF-8"?>
<!-- Generated by org.testng.reporters.JUnitReportReporter -->
<testsuite hostname="LAPTOP-O2HJQ38M" failures="0" tests="3" name="testNG.DemoMethods" time="34.398" errors="0" timestamp="2024-06-27T12:12:58 IST" skipped="0">
  <testcase classname="testNG.DemoMethods" name="facebookApplication" time="24.114"/>
  <system-out/>
  <testcase classname="testNG.DemoMethods" name="vtigerApplication" time="5.111"/>
  <system-out/>
  <testcase classname="testNG.DemoMethods" name="vtigerApplication" time="5.173"/>
  <system-out/>
</testsuite> <!-- testNG.DemoMethods -->
