<?xml version="1.0" encoding="UTF-8"?>
<!-- Generated by org.testng.reporters.JUnitReportReporter -->
<testsuite hostname="LAPTOP-O2HJQ38M" failures="0" tests="2" name="testNG.ClassC" time="0.030" errors="0" timestamp="2024-09-13T18:10:42 IST" skipped="0">
  <testcase classname="testNG.ClassC" name="deleteBoardPage" time="0.006"/>
  <system-out/>
  <testcase classname="testNG.ClassC" name="createdBoardPage" time="0.024"/>
  <system-out/>
</testsuite> <!-- testNG.ClassC -->
